<?xml version="1.0" encoding="UTF-8"?>
<testng-results ignored="0" total="1" passed="1" failed="0" skipped="0">
  <reporter-output>
  </reporter-output>
  <suite started-at="2021-10-06T19:48:57 IST" name="Suite" finished-at="2021-10-06T19:48:57 IST" duration-ms="171">
    <groups>
    </groups>
    <test started-at="2021-10-06T19:48:57 IST" name="Test" finished-at="2021-10-06T19:48:57 IST" duration-ms="171">
      <class name="Practice.contact">
        <test-method signature="org(org.testng.xml.XmlTest)[pri:0, instance:Practice.contact@21e360a]" started-at="2021-10-06T19:48:57 IST" name="org" finished-at="2021-10-06T19:48:57 IST" duration-ms="33" status="PASS">
          <params>
            <param index="0">
              <value>
                <![CDATA[org.testng.xml.XmlTest@545107c3]]>
              </value>
            </param>
          </params>
          <reporter-output>
          </reporter-output>
        </test-method> <!-- org -->
      </class> <!-- Practice.contact -->
    </test> <!-- Test -->
  </suite> <!-- Suite -->
</testng-results>
